<?xml version="1.0" encoding="UTF-8"?>
<!-- Generated by org.testng.reporters.JUnitReportReporter -->
<testsuite hostname="DESKTOP-6DKNH69" failures="0" tests="1" name="Runner.Funnerclass" time="9.107" errors="0" timestamp="2025-04-16T20:25:40 IST" skipped="0">
  <testcase classname="Runner.Funnerclass" name="runScenario" time="9.107"/>
  <system-out/>
</testsuite> <!-- Runner.Funnerclass -->
